<?xml version="1.0" encoding="UTF-8"?>
<testng-results ignored="0" total="1" passed="1" failed="0" skipped="0">
  <reporter-output>
  </reporter-output>
  <suite started-at="2024-02-27T11:03:23 IST" name="Suite" finished-at="2024-02-27T11:03:23 IST" duration-ms="107">
    <groups>
    </groups>
    <test started-at="2024-02-27T11:03:23 IST" name="Test" finished-at="2024-02-27T11:03:23 IST" duration-ms="107">
      <class name="wqwqw.WQQ">
        <test-method signature="wqqwq()[pri:0, instance:wqwqw.WQQ@550dbc7a]" started-at="2024-02-27T11:03:23 IST" name="wqqwq" finished-at="2024-02-27T11:03:23 IST" duration-ms="19" status="PASS">
          <reporter-output>
          </reporter-output>
        </test-method> <!-- wqqwq -->
      </class> <!-- wqwqw.WQQ -->
    </test> <!-- Test -->
  </suite> <!-- Suite -->
</testng-results>
